This file contains any messages produced by compilers while
running configure, to aid debugging if configure makes a mistake.

It was created by mochad configure 0.1.16, which was
generated by GNU Autoconf 2.65.  Invocation command line was

  $ ./configure 

## --------- ##
## Platform. ##
## --------- ##

hostname = tinajagate3
uname -m = armv6l
uname -r = 3.18.7+
uname -s = Linux
uname -v = #755 PREEMPT Thu Feb 12 17:14:31 GMT 2015

/usr/bin/uname -p = unknown
/bin/uname -X     = unknown

/bin/arch              = unknown
/usr/bin/arch -k       = unknown
/usr/convex/getsysinfo = unknown
/usr/bin/hostinfo      = unknown
/bin/machine           = unknown
/usr/bin/oslevel       = unknown
/bin/universe          = unknown

PATH: /usr/local/sbin
PATH: /usr/local/bin
PATH: /usr/sbin
PATH: /usr/bin
PATH: /sbin
PATH: /bin


## ----------- ##
## Core tests. ##
## ----------- ##

configure:2254: checking for a BSD-compatible install
configure:2322: result: /usr/bin/install -c
configure:2333: checking whether build environment is sane
configure:2383: result: yes
configure:2524: checking for a thread-safe mkdir -p
configure:2563: result: /bin/mkdir -p
configure:2576: checking for gawk
configure:2606: result: no
configure:2576: checking for mawk
configure:2592: found /usr/bin/mawk
configure:2603: result: mawk
configure:2614: checking whether make sets $(MAKE)
configure:2636: result: yes
configure:2766: checking for gcc
configure:2782: found /usr/bin/gcc
configure:2793: result: gcc
configure:3022: checking for C compiler version
configure:3031: gcc --version >&5
gcc (Debian 4.6.3-14+rpi1) 4.6.3
Copyright (C) 2011 Free Software Foundation, Inc.
This is free software; see the source for copying conditions.  There is NO
warranty; not even for MERCHANTABILITY or FITNESS FOR A PARTICULAR PURPOSE.

configure:3042: $? = 0
configure:3031: gcc -v >&5
Using built-in specs.
COLLECT_GCC=gcc
COLLECT_LTO_WRAPPER=/usr/lib/gcc/arm-linux-gnueabihf/4.6/lto-wrapper
Target: arm-linux-gnueabihf
Configured with: ../src/configure -v --with-pkgversion='Debian 4.6.3-14+rpi1' --with-bugurl=file:///usr/share/doc/gcc-4.6/README.Bugs --enable-languages=c,c++,fortran,objc,obj-c++ --prefix=/usr --program-suffix=-4.6 --enable-shared --enable-linker-build-id --with-system-zlib --libexecdir=/usr/lib --without-included-gettext --enable-threads=posix --with-gxx-include-dir=/usr/include/c++/4.6 --libdir=/usr/lib --enable-nls --with-sysroot=/ --enable-clocale=gnu --enable-libstdcxx-debug --enable-libstdcxx-time=yes --enable-gnu-unique-object --enable-plugin --enable-objc-gc --disable-sjlj-exceptions --with-arch=armv6 --with-fpu=vfp --with-float=hard --enable-checking=release --build=arm-linux-gnueabihf --host=arm-linux-gnueabihf --target=arm-linux-gnueabihf
Thread model: posix
gcc version 4.6.3 (Debian 4.6.3-14+rpi1) 
configure:3042: $? = 0
configure:3031: gcc -V >&5
gcc: error: unrecognized option '-V'
gcc: fatal error: no input files
compilation terminated.
configure:3042: $? = 4
configure:3031: gcc -qversion >&5
gcc: error: unrecognized option '-qversion'
gcc: fatal error: no input files
compilation terminated.
configure:3042: $? = 4
configure:3062: checking whether the C compiler works
configure:3084: gcc    conftest.c  >&5
configure:3088: $? = 0
configure:3137: result: yes
configure:3140: checking for C compiler default output file name
configure:3142: result: a.out
configure:3148: checking for suffix of executables
configure:3155: gcc -o conftest    conftest.c  >&5
configure:3159: $? = 0
configure:3181: result: 
configure:3203: checking whether we are cross compiling
configure:3211: gcc -o conftest    conftest.c  >&5
configure:3215: $? = 0
configure:3222: ./conftest
configure:3226: $? = 0
configure:3241: result: no
configure:3246: checking for suffix of object files
configure:3268: gcc -c   conftest.c >&5
configure:3272: $? = 0
configure:3293: result: o
configure:3297: checking whether we are using the GNU C compiler
configure:3316: gcc -c   conftest.c >&5
configure:3316: $? = 0
configure:3325: result: yes
configure:3334: checking whether gcc accepts -g
configure:3354: gcc -c -g  conftest.c >&5
configure:3354: $? = 0
configure:3395: result: yes
configure:3412: checking for gcc option to accept ISO C89
configure:3476: gcc  -c -g -O2  conftest.c >&5
configure:3476: $? = 0
configure:3489: result: none needed
configure:3520: checking for style of include used by make
configure:3548: result: GNU
configure:3573: checking dependency style of gcc
configure:3683: result: gcc3
configure:3699: checking whether make sets $(MAKE)
configure:3721: result: yes
configure:3733: checking for library containing libusb_init
configure:3764: gcc -o conftest -g -O2   conftest.c  >&5
/tmp/cc8SmpjP.o: In function `main':
/home/mochad-0.1.16/conftest.c:22: undefined reference to `libusb_init'
collect2: ld returned 1 exit status
configure:3764: $? = 1
configure: failed program was:
| /* confdefs.h */
| #define PACKAGE_NAME "mochad"
| #define PACKAGE_TARNAME "mochad"
| #define PACKAGE_VERSION "0.1.16"
| #define PACKAGE_STRING "mochad 0.1.16"
| #define PACKAGE_BUGREPORT "mmauka@users.sourceforge.net"
| #define PACKAGE_URL ""
| #define PACKAGE "mochad"
| #define VERSION "0.1.16"
| /* end confdefs.h.  */
| 
| /* Override any GCC internal prototype to avoid an error.
|    Use char because int might match the return type of a GCC
|    builtin and then its argument prototype would still apply.  */
| #ifdef __cplusplus
| extern "C"
| #endif
| char libusb_init ();
| int
| main ()
| {
| return libusb_init ();
|   ;
|   return 0;
| }
configure:3764: gcc -o conftest -g -O2   conftest.c -lusb-1.0   >&5
configure:3764: $? = 0
configure:3781: result: -lusb-1.0
configure:3796: checking how to run the C preprocessor
configure:3827: gcc -E  conftest.c
configure:3827: $? = 0
configure:3841: gcc -E  conftest.c
conftest.c:11:28: fatal error: ac_nonexistent.h: No such file or directory
compilation terminated.
configure:3841: $? = 1
configure: failed program was:
| /* confdefs.h */
| #define PACKAGE_NAME "mochad"
| #define PACKAGE_TARNAME "mochad"
| #define PACKAGE_VERSION "0.1.16"
| #define PACKAGE_STRING "mochad 0.1.16"
| #define PACKAGE_BUGREPORT "mmauka@users.sourceforge.net"
| #define PACKAGE_URL ""
| #define PACKAGE "mochad"
| #define VERSION "0.1.16"
| /* end confdefs.h.  */
| #include <ac_nonexistent.h>
configure:3866: result: gcc -E
configure:3886: gcc -E  conftest.c
configure:3886: $? = 0
configure:3900: gcc -E  conftest.c
conftest.c:11:28: fatal error: ac_nonexistent.h: No such file or directory
compilation terminated.
configure:3900: $? = 1
configure: failed program was:
| /* confdefs.h */
| #define PACKAGE_NAME "mochad"
| #define PACKAGE_TARNAME "mochad"
| #define PACKAGE_VERSION "0.1.16"
| #define PACKAGE_STRING "mochad 0.1.16"
| #define PACKAGE_BUGREPORT "mmauka@users.sourceforge.net"
| #define PACKAGE_URL ""
| #define PACKAGE "mochad"
| #define VERSION "0.1.16"
| /* end confdefs.h.  */
| #include <ac_nonexistent.h>
configure:3929: checking for grep that handles long lines and -e
configure:3987: result: /bin/grep
configure:3992: checking for egrep
configure:4054: result: /bin/grep -E
configure:4059: checking for ANSI C header files
configure:4079: gcc -c -g -O2  conftest.c >&5
configure:4079: $? = 0
configure:4152: gcc -o conftest -g -O2   conftest.c -lusb-1.0  >&5
configure:4152: $? = 0
configure:4152: ./conftest
configure:4152: $? = 0
configure:4163: result: yes
configure:4176: checking for sys/types.h
configure:4176: gcc -c -g -O2  conftest.c >&5
configure:4176: $? = 0
configure:4176: result: yes
configure:4176: checking for sys/stat.h
configure:4176: gcc -c -g -O2  conftest.c >&5
configure:4176: $? = 0
configure:4176: result: yes
configure:4176: checking for stdlib.h
configure:4176: gcc -c -g -O2  conftest.c >&5
configure:4176: $? = 0
configure:4176: result: yes
configure:4176: checking for string.h
configure:4176: gcc -c -g -O2  conftest.c >&5
configure:4176: $? = 0
configure:4176: result: yes
configure:4176: checking for memory.h
configure:4176: gcc -c -g -O2  conftest.c >&5
configure:4176: $? = 0
configure:4176: result: yes
configure:4176: checking for strings.h
configure:4176: gcc -c -g -O2  conftest.c >&5
configure:4176: $? = 0
configure:4176: result: yes
configure:4176: checking for inttypes.h
configure:4176: gcc -c -g -O2  conftest.c >&5
configure:4176: $? = 0
configure:4176: result: yes
configure:4176: checking for stdint.h
configure:4176: gcc -c -g -O2  conftest.c >&5
configure:4176: $? = 0
configure:4176: result: yes
configure:4176: checking for unistd.h
configure:4176: gcc -c -g -O2  conftest.c >&5
configure:4176: $? = 0
configure:4176: result: yes
configure:4192: checking fcntl.h usability
configure:4192: gcc -c -g -O2  conftest.c >&5
configure:4192: $? = 0
configure:4192: result: yes
configure:4192: checking fcntl.h presence
configure:4192: gcc -E  conftest.c
configure:4192: $? = 0
configure:4192: result: yes
configure:4192: checking for fcntl.h
configure:4192: result: yes
configure:4192: checking netinet/in.h usability
configure:4192: gcc -c -g -O2  conftest.c >&5
configure:4192: $? = 0
configure:4192: result: yes
configure:4192: checking netinet/in.h presence
configure:4192: gcc -E  conftest.c
configure:4192: $? = 0
configure:4192: result: yes
configure:4192: checking for netinet/in.h
configure:4192: result: yes
configure:4192: checking for stdlib.h
configure:4192: result: yes
configure:4192: checking for string.h
configure:4192: result: yes
configure:4192: checking sys/socket.h usability
configure:4192: gcc -c -g -O2  conftest.c >&5
configure:4192: $? = 0
configure:4192: result: yes
configure:4192: checking sys/socket.h presence
configure:4192: gcc -E  conftest.c
configure:4192: $? = 0
configure:4192: result: yes
configure:4192: checking for sys/socket.h
configure:4192: result: yes
configure:4192: checking syslog.h usability
configure:4192: gcc -c -g -O2  conftest.c >&5
configure:4192: $? = 0
configure:4192: result: yes
configure:4192: checking syslog.h presence
configure:4192: gcc -E  conftest.c
configure:4192: $? = 0
configure:4192: result: yes
configure:4192: checking for syslog.h
configure:4192: result: yes
configure:4192: checking for unistd.h
configure:4192: result: yes
configure:4205: checking for pid_t
configure:4205: gcc -c -g -O2  conftest.c >&5
configure:4205: $? = 0
configure:4205: gcc -c -g -O2  conftest.c >&5
conftest.c: In function 'main':
conftest.c:64:20: error: expected expression before ')' token
configure:4205: $? = 1
configure: failed program was:
| /* confdefs.h */
| #define PACKAGE_NAME "mochad"
| #define PACKAGE_TARNAME "mochad"
| #define PACKAGE_VERSION "0.1.16"
| #define PACKAGE_STRING "mochad 0.1.16"
| #define PACKAGE_BUGREPORT "mmauka@users.sourceforge.net"
| #define PACKAGE_URL ""
| #define PACKAGE "mochad"
| #define VERSION "0.1.16"
| #define STDC_HEADERS 1
| #define HAVE_SYS_TYPES_H 1
| #define HAVE_SYS_STAT_H 1
| #define HAVE_STDLIB_H 1
| #define HAVE_STRING_H 1
| #define HAVE_MEMORY_H 1
| #define HAVE_STRINGS_H 1
| #define HAVE_INTTYPES_H 1
| #define HAVE_STDINT_H 1
| #define HAVE_UNISTD_H 1
| #define HAVE_FCNTL_H 1
| #define HAVE_NETINET_IN_H 1
| #define HAVE_STDLIB_H 1
| #define HAVE_STRING_H 1
| #define HAVE_SYS_SOCKET_H 1
| #define HAVE_SYSLOG_H 1
| #define HAVE_UNISTD_H 1
| /* end confdefs.h.  */
| #include <stdio.h>
| #ifdef HAVE_SYS_TYPES_H
| # include <sys/types.h>
| #endif
| #ifdef HAVE_SYS_STAT_H
| # include <sys/stat.h>
| #endif
| #ifdef STDC_HEADERS
| # include <stdlib.h>
| # include <stddef.h>
| #else
| # ifdef HAVE_STDLIB_H
| #  include <stdlib.h>
| # endif
| #endif
| #ifdef HAVE_STRING_H
| # if !defined STDC_HEADERS && defined HAVE_MEMORY_H
| #  include <memory.h>
| # endif
| # include <string.h>
| #endif
| #ifdef HAVE_STRINGS_H
| # include <strings.h>
| #endif
| #ifdef HAVE_INTTYPES_H
| # include <inttypes.h>
| #endif
| #ifdef HAVE_STDINT_H
| # include <stdint.h>
| #endif
| #ifdef HAVE_UNISTD_H
| # include <unistd.h>
| #endif
| int
| main ()
| {
| if (sizeof ((pid_t)))
| 	    return 0;
|   ;
|   return 0;
| }
configure:4205: result: yes
configure:4216: checking for size_t
configure:4216: gcc -c -g -O2  conftest.c >&5
configure:4216: $? = 0
configure:4216: gcc -c -g -O2  conftest.c >&5
conftest.c: In function 'main':
conftest.c:64:21: error: expected expression before ')' token
configure:4216: $? = 1
configure: failed program was:
| /* confdefs.h */
| #define PACKAGE_NAME "mochad"
| #define PACKAGE_TARNAME "mochad"
| #define PACKAGE_VERSION "0.1.16"
| #define PACKAGE_STRING "mochad 0.1.16"
| #define PACKAGE_BUGREPORT "mmauka@users.sourceforge.net"
| #define PACKAGE_URL ""
| #define PACKAGE "mochad"
| #define VERSION "0.1.16"
| #define STDC_HEADERS 1
| #define HAVE_SYS_TYPES_H 1
| #define HAVE_SYS_STAT_H 1
| #define HAVE_STDLIB_H 1
| #define HAVE_STRING_H 1
| #define HAVE_MEMORY_H 1
| #define HAVE_STRINGS_H 1
| #define HAVE_INTTYPES_H 1
| #define HAVE_STDINT_H 1
| #define HAVE_UNISTD_H 1
| #define HAVE_FCNTL_H 1
| #define HAVE_NETINET_IN_H 1
| #define HAVE_STDLIB_H 1
| #define HAVE_STRING_H 1
| #define HAVE_SYS_SOCKET_H 1
| #define HAVE_SYSLOG_H 1
| #define HAVE_UNISTD_H 1
| /* end confdefs.h.  */
| #include <stdio.h>
| #ifdef HAVE_SYS_TYPES_H
| # include <sys/types.h>
| #endif
| #ifdef HAVE_SYS_STAT_H
| # include <sys/stat.h>
| #endif
| #ifdef STDC_HEADERS
| # include <stdlib.h>
| # include <stddef.h>
| #else
| # ifdef HAVE_STDLIB_H
| #  include <stdlib.h>
| # endif
| #endif
| #ifdef HAVE_STRING_H
| # if !defined STDC_HEADERS && defined HAVE_MEMORY_H
| #  include <memory.h>
| # endif
| # include <string.h>
| #endif
| #ifdef HAVE_STRINGS_H
| # include <strings.h>
| #endif
| #ifdef HAVE_INTTYPES_H
| # include <inttypes.h>
| #endif
| #ifdef HAVE_STDINT_H
| # include <stdint.h>
| #endif
| #ifdef HAVE_UNISTD_H
| # include <unistd.h>
| #endif
| int
| main ()
| {
| if (sizeof ((size_t)))
| 	    return 0;
|   ;
|   return 0;
| }
configure:4216: result: yes
configure:4227: checking for uint16_t
configure:4227: gcc -c -g -O2  conftest.c >&5
configure:4227: $? = 0
configure:4227: result: yes
configure:4239: checking for uint8_t
configure:4239: gcc -c -g -O2  conftest.c >&5
configure:4239: $? = 0
configure:4239: result: yes
configure:4257: checking vfork.h usability
configure:4257: gcc -c -g -O2  conftest.c >&5
conftest.c:61:19: fatal error: vfork.h: No such file or directory
compilation terminated.
configure:4257: $? = 1
configure: failed program was:
| /* confdefs.h */
| #define PACKAGE_NAME "mochad"
| #define PACKAGE_TARNAME "mochad"
| #define PACKAGE_VERSION "0.1.16"
| #define PACKAGE_STRING "mochad 0.1.16"
| #define PACKAGE_BUGREPORT "mmauka@users.sourceforge.net"
| #define PACKAGE_URL ""
| #define PACKAGE "mochad"
| #define VERSION "0.1.16"
| #define STDC_HEADERS 1
| #define HAVE_SYS_TYPES_H 1
| #define HAVE_SYS_STAT_H 1
| #define HAVE_STDLIB_H 1
| #define HAVE_STRING_H 1
| #define HAVE_MEMORY_H 1
| #define HAVE_STRINGS_H 1
| #define HAVE_INTTYPES_H 1
| #define HAVE_STDINT_H 1
| #define HAVE_UNISTD_H 1
| #define HAVE_FCNTL_H 1
| #define HAVE_NETINET_IN_H 1
| #define HAVE_STDLIB_H 1
| #define HAVE_STRING_H 1
| #define HAVE_SYS_SOCKET_H 1
| #define HAVE_SYSLOG_H 1
| #define HAVE_UNISTD_H 1
| /* end confdefs.h.  */
| #include <stdio.h>
| #ifdef HAVE_SYS_TYPES_H
| # include <sys/types.h>
| #endif
| #ifdef HAVE_SYS_STAT_H
| # include <sys/stat.h>
| #endif
| #ifdef STDC_HEADERS
| # include <stdlib.h>
| # include <stddef.h>
| #else
| # ifdef HAVE_STDLIB_H
| #  include <stdlib.h>
| # endif
| #endif
| #ifdef HAVE_STRING_H
| # if !defined STDC_HEADERS && defined HAVE_MEMORY_H
| #  include <memory.h>
| # endif
| # include <string.h>
| #endif
| #ifdef HAVE_STRINGS_H
| # include <strings.h>
| #endif
| #ifdef HAVE_INTTYPES_H
| # include <inttypes.h>
| #endif
| #ifdef HAVE_STDINT_H
| # include <stdint.h>
| #endif
| #ifdef HAVE_UNISTD_H
| # include <unistd.h>
| #endif
| #include <vfork.h>
configure:4257: result: no
configure:4257: checking vfork.h presence
configure:4257: gcc -E  conftest.c
conftest.c:28:19: fatal error: vfork.h: No such file or directory
compilation terminated.
configure:4257: $? = 1
configure: failed program was:
| /* confdefs.h */
| #define PACKAGE_NAME "mochad"
| #define PACKAGE_TARNAME "mochad"
| #define PACKAGE_VERSION "0.1.16"
| #define PACKAGE_STRING "mochad 0.1.16"
| #define PACKAGE_BUGREPORT "mmauka@users.sourceforge.net"
| #define PACKAGE_URL ""
| #define PACKAGE "mochad"
| #define VERSION "0.1.16"
| #define STDC_HEADERS 1
| #define HAVE_SYS_TYPES_H 1
| #define HAVE_SYS_STAT_H 1
| #define HAVE_STDLIB_H 1
| #define HAVE_STRING_H 1
| #define HAVE_MEMORY_H 1
| #define HAVE_STRINGS_H 1
| #define HAVE_INTTYPES_H 1
| #define HAVE_STDINT_H 1
| #define HAVE_UNISTD_H 1
| #define HAVE_FCNTL_H 1
| #define HAVE_NETINET_IN_H 1
| #define HAVE_STDLIB_H 1
| #define HAVE_STRING_H 1
| #define HAVE_SYS_SOCKET_H 1
| #define HAVE_SYSLOG_H 1
| #define HAVE_UNISTD_H 1
| /* end confdefs.h.  */
| #include <vfork.h>
configure:4257: result: no
configure:4257: checking for vfork.h
configure:4257: result: no
configure:4270: checking for fork
configure:4270: gcc -o conftest -g -O2   conftest.c -lusb-1.0  >&5
conftest.c:51:6: warning: conflicting types for built-in function 'fork' [enabled by default]
configure:4270: $? = 0
configure:4270: result: yes
configure:4270: checking for vfork
configure:4270: gcc -o conftest -g -O2   conftest.c -lusb-1.0  >&5
configure:4270: $? = 0
configure:4270: result: yes
configure:4281: checking for working fork
configure:4303: gcc -o conftest -g -O2   conftest.c -lusb-1.0  >&5
configure:4303: $? = 0
configure:4303: ./conftest
configure:4303: $? = 0
configure:4313: result: yes
configure:4334: checking for working vfork
configure:4444: result: yes
configure:4471: checking for stdlib.h
configure:4471: result: yes
configure:4481: checking for GNU libc compatible malloc
configure:4505: gcc -o conftest -g -O2   conftest.c -lusb-1.0  >&5
configure:4505: $? = 0
configure:4505: ./conftest
configure:4505: $? = 0
configure:4515: result: yes
configure:4539: checking for alarm
configure:4539: gcc -o conftest -g -O2   conftest.c -lusb-1.0  >&5
configure:4539: $? = 0
configure:4539: result: yes
configure:4539: checking for memset
configure:4539: gcc -o conftest -g -O2   conftest.c -lusb-1.0  >&5
conftest.c:58:6: warning: conflicting types for built-in function 'memset' [enabled by default]
configure:4539: $? = 0
configure:4539: result: yes
configure:4539: checking for select
configure:4539: gcc -o conftest -g -O2   conftest.c -lusb-1.0  >&5
configure:4539: $? = 0
configure:4539: result: yes
configure:4539: checking for socket
configure:4539: gcc -o conftest -g -O2   conftest.c -lusb-1.0  >&5
configure:4539: $? = 0
configure:4539: result: yes
configure:4539: checking for strerror
configure:4539: gcc -o conftest -g -O2   conftest.c -lusb-1.0  >&5
configure:4539: $? = 0
configure:4539: result: yes
configure:4539: checking for strtol
configure:4539: gcc -o conftest -g -O2   conftest.c -lusb-1.0  >&5
configure:4539: $? = 0
configure:4539: result: yes
configure:4539: checking for strtoul
configure:4539: gcc -o conftest -g -O2   conftest.c -lusb-1.0  >&5
configure:4539: $? = 0
configure:4539: result: yes
configure:4706: creating ./config.status

## ---------------------- ##
## Running config.status. ##
## ---------------------- ##

This file was extended by mochad config.status 0.1.16, which was
generated by GNU Autoconf 2.65.  Invocation command line was

  CONFIG_FILES    = 
  CONFIG_HEADERS  = 
  CONFIG_LINKS    = 
  CONFIG_COMMANDS = 
  $ ./config.status 

on tinajagate3

config.status:777: creating Makefile
config.status:940: executing depfiles commands

## ---------------- ##
## Cache variables. ##
## ---------------- ##

ac_cv_c_compiler_gnu=yes
ac_cv_c_uint16_t=yes
ac_cv_c_uint8_t=yes
ac_cv_env_CC_set=
ac_cv_env_CC_value=
ac_cv_env_CFLAGS_set=
ac_cv_env_CFLAGS_value=
ac_cv_env_CPPFLAGS_set=
ac_cv_env_CPPFLAGS_value=
ac_cv_env_CPP_set=
ac_cv_env_CPP_value=
ac_cv_env_LDFLAGS_set=
ac_cv_env_LDFLAGS_value=
ac_cv_env_LIBS_set=
ac_cv_env_LIBS_value=
ac_cv_env_build_alias_set=
ac_cv_env_build_alias_value=
ac_cv_env_host_alias_set=
ac_cv_env_host_alias_value=
ac_cv_env_target_alias_set=
ac_cv_env_target_alias_value=
ac_cv_func_alarm=yes
ac_cv_func_fork=yes
ac_cv_func_fork_works=yes
ac_cv_func_malloc_0_nonnull=yes
ac_cv_func_memset=yes
ac_cv_func_select=yes
ac_cv_func_socket=yes
ac_cv_func_strerror=yes
ac_cv_func_strtol=yes
ac_cv_func_strtoul=yes
ac_cv_func_vfork=yes
ac_cv_func_vfork_works=yes
ac_cv_header_fcntl_h=yes
ac_cv_header_inttypes_h=yes
ac_cv_header_memory_h=yes
ac_cv_header_netinet_in_h=yes
ac_cv_header_stdc=yes
ac_cv_header_stdint_h=yes
ac_cv_header_stdlib_h=yes
ac_cv_header_string_h=yes
ac_cv_header_strings_h=yes
ac_cv_header_sys_socket_h=yes
ac_cv_header_sys_stat_h=yes
ac_cv_header_sys_types_h=yes
ac_cv_header_syslog_h=yes
ac_cv_header_unistd_h=yes
ac_cv_header_vfork_h=no
ac_cv_objext=o
ac_cv_path_EGREP='/bin/grep -E'
ac_cv_path_GREP=/bin/grep
ac_cv_path_install='/usr/bin/install -c'
ac_cv_path_mkdir=/bin/mkdir
ac_cv_prog_AWK=mawk
ac_cv_prog_CPP='gcc -E'
ac_cv_prog_ac_ct_CC=gcc
ac_cv_prog_cc_c89=
ac_cv_prog_cc_g=yes
ac_cv_prog_make_make_set=yes
ac_cv_search_libusb_init=-lusb-1.0
ac_cv_type_pid_t=yes
ac_cv_type_size_t=yes
am_cv_CC_dependencies_compiler_type=gcc3

## ----------------- ##
## Output variables. ##
## ----------------- ##

ACLOCAL='${SHELL} /home/mochad-0.1.16/missing --run aclocal-1.11'
AMDEPBACKSLASH='\'
AMDEP_FALSE='#'
AMDEP_TRUE=''
AMTAR='${SHELL} /home/mochad-0.1.16/missing --run tar'
AUTOCONF='${SHELL} /home/mochad-0.1.16/missing --run autoconf'
AUTOHEADER='${SHELL} /home/mochad-0.1.16/missing --run autoheader'
AUTOMAKE='${SHELL} /home/mochad-0.1.16/missing --run automake-1.11'
AWK='mawk'
CC='gcc'
CCDEPMODE='depmode=gcc3'
CFLAGS='-g -O2'
CPP='gcc -E'
CPPFLAGS=''
CYGPATH_W='echo'
DEFS='-DPACKAGE_NAME=\"mochad\" -DPACKAGE_TARNAME=\"mochad\" -DPACKAGE_VERSION=\"0.1.16\" -DPACKAGE_STRING=\"mochad\ 0.1.16\" -DPACKAGE_BUGREPORT=\"mmauka@users.sourceforge.net\" -DPACKAGE_URL=\"\" -DPACKAGE=\"mochad\" -DVERSION=\"0.1.16\" -DSTDC_HEADERS=1 -DHAVE_SYS_TYPES_H=1 -DHAVE_SYS_STAT_H=1 -DHAVE_STDLIB_H=1 -DHAVE_STRING_H=1 -DHAVE_MEMORY_H=1 -DHAVE_STRINGS_H=1 -DHAVE_INTTYPES_H=1 -DHAVE_STDINT_H=1 -DHAVE_UNISTD_H=1 -DHAVE_FCNTL_H=1 -DHAVE_NETINET_IN_H=1 -DHAVE_STDLIB_H=1 -DHAVE_STRING_H=1 -DHAVE_SYS_SOCKET_H=1 -DHAVE_SYSLOG_H=1 -DHAVE_UNISTD_H=1 -DHAVE_FORK=1 -DHAVE_VFORK=1 -DHAVE_WORKING_VFORK=1 -DHAVE_WORKING_FORK=1 -DHAVE_STDLIB_H=1 -DHAVE_MALLOC=1 -DHAVE_ALARM=1 -DHAVE_MEMSET=1 -DHAVE_SELECT=1 -DHAVE_SOCKET=1 -DHAVE_STRERROR=1 -DHAVE_STRTOL=1 -DHAVE_STRTOUL=1'
DEPDIR='.deps'
ECHO_C=''
ECHO_N='-n'
ECHO_T=''
EGREP='/bin/grep -E'
EXEEXT=''
GREP='/bin/grep'
INSTALL_DATA='${INSTALL} -m 644'
INSTALL_PROGRAM='${INSTALL}'
INSTALL_SCRIPT='${INSTALL}'
INSTALL_STRIP_PROGRAM='$(install_sh) -c -s'
LDFLAGS=''
LIBOBJS=''
LIBS='-lusb-1.0 '
LTLIBOBJS=''
MAKEINFO='${SHELL} /home/mochad-0.1.16/missing --run makeinfo'
MKDIR_P='/bin/mkdir -p'
OBJEXT='o'
PACKAGE='mochad'
PACKAGE_BUGREPORT='mmauka@users.sourceforge.net'
PACKAGE_NAME='mochad'
PACKAGE_STRING='mochad 0.1.16'
PACKAGE_TARNAME='mochad'
PACKAGE_URL=''
PACKAGE_VERSION='0.1.16'
PATH_SEPARATOR=':'
SET_MAKE=''
SHELL='/bin/bash'
STRIP=''
VERSION='0.1.16'
ac_ct_CC='gcc'
am__EXEEXT_FALSE=''
am__EXEEXT_TRUE='#'
am__fastdepCC_FALSE='#'
am__fastdepCC_TRUE=''
am__include='include'
am__isrc=''
am__leading_dot='.'
am__quote=''
am__tar='${AMTAR} chof - "$$tardir"'
am__untar='${AMTAR} xf -'
bindir='${exec_prefix}/bin'
build_alias=''
datadir='${datarootdir}'
datarootdir='${prefix}/share'
docdir='${datarootdir}/doc/${PACKAGE_TARNAME}'
dvidir='${docdir}'
exec_prefix='${prefix}'
host_alias=''
htmldir='${docdir}'
includedir='${prefix}/include'
infodir='${datarootdir}/info'
install_sh='${SHELL} /home/mochad-0.1.16/install-sh'
libdir='${exec_prefix}/lib'
libexecdir='${exec_prefix}/libexec'
localedir='${datarootdir}/locale'
localstatedir='${prefix}/var'
mandir='${datarootdir}/man'
mkdir_p='/bin/mkdir -p'
oldincludedir='/usr/include'
pdfdir='${docdir}'
prefix='/usr/local'
program_transform_name='s,x,x,'
psdir='${docdir}'
sbindir='${exec_prefix}/sbin'
sharedstatedir='${prefix}/com'
sysconfdir='${prefix}/etc'
target_alias=''

## ----------- ##
## confdefs.h. ##
## ----------- ##

/* confdefs.h */
#define PACKAGE_NAME "mochad"
#define PACKAGE_TARNAME "mochad"
#define PACKAGE_VERSION "0.1.16"
#define PACKAGE_STRING "mochad 0.1.16"
#define PACKAGE_BUGREPORT "mmauka@users.sourceforge.net"
#define PACKAGE_URL ""
#define PACKAGE "mochad"
#define VERSION "0.1.16"
#define STDC_HEADERS 1
#define HAVE_SYS_TYPES_H 1
#define HAVE_SYS_STAT_H 1
#define HAVE_STDLIB_H 1
#define HAVE_STRING_H 1
#define HAVE_MEMORY_H 1
#define HAVE_STRINGS_H 1
#define HAVE_INTTYPES_H 1
#define HAVE_STDINT_H 1
#define HAVE_UNISTD_H 1
#define HAVE_FCNTL_H 1
#define HAVE_NETINET_IN_H 1
#define HAVE_STDLIB_H 1
#define HAVE_STRING_H 1
#define HAVE_SYS_SOCKET_H 1
#define HAVE_SYSLOG_H 1
#define HAVE_UNISTD_H 1
#define HAVE_FORK 1
#define HAVE_VFORK 1
#define HAVE_WORKING_VFORK 1
#define HAVE_WORKING_FORK 1
#define HAVE_STDLIB_H 1
#define HAVE_MALLOC 1
#define HAVE_ALARM 1
#define HAVE_MEMSET 1
#define HAVE_SELECT 1
#define HAVE_SOCKET 1
#define HAVE_STRERROR 1
#define HAVE_STRTOL 1
#define HAVE_STRTOUL 1

configure: exit 0
